"2022-08-10 14:55:11,416-[base_case.py-->line:14]-INFO:============登录功能测试开始============="
"2022-08-10 14:55:19,876-[base_page.py-->line:70]-INFO:在登录功能，输入用户名操作的时候，等待('xpath', '//input[@type="text"]')元素可见【成功】"
"2022-08-10 14:55:19,955-[base_page.py-->line:136]-INFO:在登录功能，操作的时候，对输入用户名元素输入【成功】"
"2022-08-10 14:55:19,976-[base_page.py-->line:70]-INFO:在登录功能，输入密码操作的时候，等待('xpath', '//input[@type="password"]')元素可见【成功】"
"2022-08-10 14:55:20,054-[base_page.py-->line:136]-INFO:在登录功能，操作的时候，对输入密码元素输入123456【成功】"
"2022-08-10 14:55:20,075-[base_page.py-->line:70]-INFO:在登录功能，点击登录按钮操作的时候，等待('xpath', '//span[text()="登 录"]')元素可见【成功】"
"2022-08-10 14:55:20,104-[base_page.py-->line:160]-INFO:在登录功能，操作的时候，点击点击登录按钮元素【成功】"
"2022-08-10 14:55:20,121-[base_page.py-->line:70]-INFO:在登录功能，登录错误信息提示操作的时候，等待('css selector', '.el-form-item__error')元素可见【成功】"
"2022-08-10 14:55:20,131-[base_page.py-->line:239]-INFO:在登录功能，操作的时候，获取登录错误信息提示元素的文本信息【成功】"
"2022-08-10 14:55:20,454-[base_page.py-->line:70]-INFO:在登录功能，输入用户名操作的时候，等待('xpath', '//input[@type="text"]')元素可见【成功】"
"2022-08-10 14:55:20,578-[base_page.py-->line:136]-INFO:在登录功能，操作的时候，对输入用户名元素输入admin【成功】"
"2022-08-10 14:55:20,594-[base_page.py-->line:70]-INFO:在登录功能，输入密码操作的时候，等待('xpath', '//input[@type="password"]')元素可见【成功】"
"2022-08-10 14:55:20,645-[base_page.py-->line:136]-INFO:在登录功能，操作的时候，对输入密码元素输入【成功】"
"2022-08-10 14:55:20,670-[base_page.py-->line:70]-INFO:在登录功能，点击登录按钮操作的时候，等待('xpath', '//span[text()="登 录"]')元素可见【成功】"
"2022-08-10 14:55:20,708-[base_page.py-->line:160]-INFO:在登录功能，操作的时候，点击点击登录按钮元素【成功】"
"2022-08-10 14:55:20,728-[base_page.py-->line:70]-INFO:在登录功能，登录错误信息提示操作的时候，等待('css selector', '.el-form-item__error')元素可见【成功】"
"2022-08-10 14:55:20,740-[base_page.py-->line:239]-INFO:在登录功能，操作的时候，获取登录错误信息提示元素的文本信息【成功】"
"2022-08-10 14:55:20,742-[test_login.py-->line:30]-INFO:==========登录成功开始测试============"
"2022-08-10 14:55:20,743-[test_login.py-->line:31]-INFO:=========={'username': 'admin', 'password': 123456}开始测试============"
"2022-08-10 14:55:20,980-[base_page.py-->line:70]-INFO:在登录功能，输入用户名操作的时候，等待('xpath', '//input[@type="text"]')元素可见【成功】"
"2022-08-10 14:55:21,106-[base_page.py-->line:136]-INFO:在登录功能，操作的时候，对输入用户名元素输入admin【成功】"
"2022-08-10 14:55:21,123-[base_page.py-->line:70]-INFO:在登录功能，输入密码操作的时候，等待('xpath', '//input[@type="password"]')元素可见【成功】"
"2022-08-10 14:55:21,185-[base_page.py-->line:136]-INFO:在登录功能，操作的时候，对输入密码元素输入123456【成功】"
"2022-08-10 14:55:21,201-[base_page.py-->line:70]-INFO:在登录功能，点击登录按钮操作的时候，等待('xpath', '//span[text()="登 录"]')元素可见【成功】"
"2022-08-10 14:55:21,256-[base_page.py-->line:160]-INFO:在登录功能，操作的时候，点击点击登录按钮元素【成功】"
"2022-08-10 14:55:26,657-[base_page.py-->line:70]-INFO:在Home页面，首页信息操作的时候，等待('xpath', '//span[text()="首页"]')元素可见【成功】"
"2022-08-10 14:55:28,752-[base_case.py-->line:19]-INFO:============登录功能测试结束============="
"2022-09-09 14:31:14,342-[base_case.py-->line:14]-INFO:============登录功能测试开始============="
"2022-09-09 14:31:15,586-[test_login.py-->line:30]-INFO:==========登录成功开始测试============"
"2022-09-09 14:31:15,586-[test_login.py-->line:31]-INFO:=========={'username': 'admin', 'password': 123456}开始测试============"
"2022-09-09 14:31:17,861-[base_case.py-->line:19]-INFO:============登录功能测试结束============="
